<?xml version="1.0" encoding="UTF-8"?>
<testng-results ignored="0" total="1" passed="1" failed="0" skipped="0">
  <reporter-output>
  </reporter-output>
  <suite started-at="2023-09-13T19:23:34 IST" name="Default suite" finished-at="2023-09-13T19:23:36 IST" duration-ms="2176">
    <groups>
    </groups>
    <test started-at="2023-09-13T19:23:34 IST" name="Default test" finished-at="2023-09-13T19:23:36 IST" duration-ms="2176">
      <class name="firstDemoTest.statusCodeGet">
        <test-method signature="testStatusCode()[pri:0, instance:firstDemoTest.statusCodeGet@6dc17b83]" started-at="2023-09-13T19:23:34 IST" name="testStatusCode" finished-at="2023-09-13T19:23:36 IST" duration-ms="2117" status="PASS">
          <reporter-output>
          </reporter-output>
        </test-method> <!-- testStatusCode -->
      </class> <!-- firstDemoTest.statusCodeGet -->
    </test> <!-- Default test -->
  </suite> <!-- Default suite -->
</testng-results>
