<?xml version="1.0" encoding="UTF-8"?>
<testng-results ignored="0" total="1" passed="1" failed="0" skipped="0">
  <reporter-output>
  </reporter-output>
  <suite started-at="2023-09-14T15:25:24 IST" name="Default suite" finished-at="2023-09-14T15:25:28 IST" duration-ms="3946">
    <groups>
    </groups>
    <test started-at="2023-09-14T15:25:24 IST" name="Default test" finished-at="2023-09-14T15:25:28 IST" duration-ms="3946">
      <class name="firstDemoTest.HeaderListTest">
        <test-method signature="headerTEST()[pri:0, instance:firstDemoTest.HeaderListTest@6dc17b83]" started-at="2023-09-14T15:25:24 IST" name="headerTEST" finished-at="2023-09-14T15:25:28 IST" duration-ms="3889" status="PASS">
          <reporter-output>
          </reporter-output>
        </test-method> <!-- headerTEST -->
      </class> <!-- firstDemoTest.HeaderListTest -->
    </test> <!-- Default test -->
  </suite> <!-- Default suite -->
</testng-results>
